{
  "stats": {
    "suites": 1,
    "tests": 3,
    "passes": 3,
    "pending": 0,
    "failures": 0,
    "start": "2025-03-14T19:04:13.521Z",
    "end": "2025-03-14T19:04:31.372Z",
    "duration": 17851,
    "testsRegistered": 3,
    "passPercent": 100,
    "pendingPercent": 0,
    "other": 0,
    "hasOther": false,
    "skipped": 0,
    "hasSkipped": false
  },
  "results": [
    {
      "uuid": "cec3ebe8-7e59-4869-8de8-4fe68f6eedab",
      "title": "",
      "fullFile": "cypress/e2e/taskManagement/taskManagement.cy.js",
      "file": "cypress/e2e/taskManagement/taskManagement.cy.js",
      "beforeHooks": [],
      "afterHooks": [],
      "tests": [],
      "suites": [
        {
          "uuid": "2a64647e-ff60-4d49-839e-b97be49dfde7",
          "title": "Task Management Tests",
          "fullFile": "",
          "file": "",
          "beforeHooks": [],
          "afterHooks": [],
          "tests": [
            {
              "title": "Display of Existing Tasks",
              "fullTitle": "Task Management Tests Display of Existing Tasks",
              "timedOut": null,
              "duration": 2315,
              "state": "passed",
              "speed": "fast",
              "pass": true,
              "fail": false,
              "pending": false,
              "context": null,
              "code": "_TaskManagementPage.default.getTaskList().click();\n_TaskManagementPage.default.createNewTaskButton().should('be.visible');",
              "err": {},
              "uuid": "4f62526e-7685-49c5-bd06-2cca6077d91a",
              "parentUUID": "2a64647e-ff60-4d49-839e-b97be49dfde7",
              "isHook": false,
              "skipped": false
            },
            {
              "title": "Creation of a New Task",
              "fullTitle": "Task Management Tests Creation of a New Task",
              "timedOut": null,
              "duration": 7671,
              "state": "passed",
              "speed": "medium",
              "pass": true,
              "fail": false,
              "pending": false,
              "context": null,
              "code": "cy.fixture('taskData').then(data => {\n  const newTask = data.newTask;\n  _TaskManagementPage.default.getTaskList().click();\n  _TaskManagementPage.default.createNewTaskButton().click();\n  _TaskManagementPage.default.fillTaskTitle(newTask.title, {\n    delay: 100\n  });\n  _TaskManagementPage.default.fillTaskDescription(newTask.description, {\n    delay: 100\n  });\n  _TaskManagementPage.default.saveTaskBtn().click();\n});",
              "err": {},
              "uuid": "61f94da3-6950-489c-9220-806984d1fc3b",
              "parentUUID": "2a64647e-ff60-4d49-839e-b97be49dfde7",
              "isHook": false,
              "skipped": false
            },
            {
              "title": "Editing of an Existing Task",
              "fullTitle": "Task Management Tests Editing of an Existing Task",
              "timedOut": null,
              "duration": 7090,
              "state": "passed",
              "speed": "medium",
              "pass": true,
              "fail": false,
              "pending": false,
              "context": null,
              "code": "const updatedTitle = 'Tarea Actualizada';\nconst updatedDescription = 'Descripción actualizada';\n_TaskManagementPage.default.getTaskList().click();\n_TaskManagementPage.default.editTaskBtn().click();\n_TaskManagementPage.default.fillTaskTitle(updatedTitle);\n_TaskManagementPage.default.fillTaskDescription(updatedDescription);\n_TaskManagementPage.default.saveTaskBtn().click();",
              "err": {},
              "uuid": "227d9a7d-fe23-4b1c-9da1-4dae7caea04f",
              "parentUUID": "2a64647e-ff60-4d49-839e-b97be49dfde7",
              "isHook": false,
              "skipped": false
            }
          ],
          "suites": [],
          "passes": [
            "4f62526e-7685-49c5-bd06-2cca6077d91a",
            "61f94da3-6950-489c-9220-806984d1fc3b",
            "227d9a7d-fe23-4b1c-9da1-4dae7caea04f"
          ],
          "failures": [],
          "pending": [],
          "skipped": [],
          "duration": 17076,
          "root": false,
          "rootEmpty": false,
          "_timeout": 2000
        }
      ],
      "passes": [],
      "failures": [],
      "pending": [],
      "skipped": [],
      "duration": 0,
      "root": true,
      "rootEmpty": true,
      "_timeout": 2000
    }
  ],
  "meta": {
    "mocha": {
      "version": "7.0.1"
    },
    "mochawesome": {
      "options": {
        "quiet": false,
        "reportFilename": "mochawesome",
        "saveHtml": true,
        "saveJson": true,
        "consoleReporter": "spec",
        "useInlineDiffs": false,
        "code": true
      },
      "version": "7.1.3"
    },
    "marge": {
      "options": {
        "reportDir": "cypress/reports",
        "overwrite": false,
        "html": true,
        "json": true
      },
      "version": "6.2.0"
    }
  }
}